2018-03-17 15:40:03,074 [ModalContext] INFO  o.e.m.c.i.e.AbstractTransferListenerAdapter - Downloading https://repo.maven.apache.org/maven2/org/apache/maven/archetypes/maven-archetype-webapp/1.0/maven-archetype-webapp-1.0.jar
2018-03-17 15:40:03,217 [ModalContext] INFO  o.e.m.c.i.e.AbstractTransferListenerAdapter - Downloaded https://repo.maven.apache.org/maven2/org/apache/maven/archetypes/maven-archetype-webapp/1.0/maven-archetype-webapp-1.0.jar
2018-03-17 15:40:03,297 [ModalContext] INFO  o.e.m.c.i.e.AbstractTransferListenerAdapter - Downloading https://repo.maven.apache.org/maven2/org/apache/maven/archetypes/maven-archetype-webapp/1.0/maven-archetype-webapp-1.0.pom
2018-03-17 15:40:03,373 [ModalContext] INFO  o.e.m.c.i.e.AbstractTransferListenerAdapter - Downloaded https://repo.maven.apache.org/maven2/org/apache/maven/archetypes/maven-archetype-webapp/1.0/maven-archetype-webapp-1.0.pom
2018-03-17 15:40:37,910 [Worker-0] INFO  o.e.m.c.i.p.ProjectConfigurationManager - Collecting project info '/pom.xml' C:\Users\farja\Desktop\Repo\Cashless-Milano\JSP\jsp-api-test\pom.xml
2018-03-17 15:40:39,624 [Worker-0] INFO  o.e.m.c.i.e.AbstractTransferListenerAdapter - Downloading https://repo.maven.apache.org/maven2/org/apache/maven/plugins/maven-war-plugin/2.2/maven-war-plugin-2.2.jar
2018-03-17 15:40:40,095 [Worker-0] INFO  o.e.m.c.i.e.AbstractTransferListenerAdapter - Downloaded https://repo.maven.apache.org/maven2/org/apache/maven/plugins/maven-war-plugin/2.2/maven-war-plugin-2.2.jar
2018-03-17 15:40:47,722 [Worker-0] INFO  o.e.m.c.i.l.LifecycleMappingFactory - Using org.maven.ide.eclipse.wtp.WarLifecycleMapping lifecycle mapping for MavenProject: nexi:jsp-api-test:0.0.1-SNAPSHOT @ C:\Users\farja\Desktop\Repo\Cashless-Milano\JSP\jsp-api-test\pom.xml.
2018-03-17 15:40:48,413 [Worker-0] INFO  o.e.m.c.i.e.AbstractTransferListenerAdapter - Downloading https://repo.maven.apache.org/maven2/org/apache/maven/plugins/maven-war-plugin/2.2/maven-war-plugin-2.2.pom
2018-03-17 15:40:48,479 [Worker-0] INFO  o.e.m.c.i.e.AbstractTransferListenerAdapter - Downloaded https://repo.maven.apache.org/maven2/org/apache/maven/plugins/maven-war-plugin/2.2/maven-war-plugin-2.2.pom
2018-03-17 15:40:49,569 [Worker-0] INFO  o.e.m.c.i.e.AbstractTransferListenerAdapter - Downloading https://repo.maven.apache.org/maven2/com/thoughtworks/xstream/xstream/1.3.1/xstream-1.3.1.pom
2018-03-17 15:40:49,640 [Worker-0] INFO  o.e.m.c.i.e.AbstractTransferListenerAdapter - Downloaded https://repo.maven.apache.org/maven2/com/thoughtworks/xstream/xstream/1.3.1/xstream-1.3.1.pom
2018-03-17 15:40:49,723 [Worker-0] INFO  o.e.m.c.i.e.AbstractTransferListenerAdapter - Downloading https://repo.maven.apache.org/maven2/com/thoughtworks/xstream/xstream-parent/1.3.1/xstream-parent-1.3.1.pom
2018-03-17 15:40:49,817 [Worker-0] INFO  o.e.m.c.i.e.AbstractTransferListenerAdapter - Downloaded https://repo.maven.apache.org/maven2/com/thoughtworks/xstream/xstream-parent/1.3.1/xstream-parent-1.3.1.pom
2018-03-17 15:40:49,893 [Worker-0] INFO  o.e.m.c.i.e.AbstractTransferListenerAdapter - Downloading https://repo.maven.apache.org/maven2/xpp3/xpp3_min/1.1.4c/xpp3_min-1.1.4c.pom
2018-03-17 15:40:49,958 [Worker-0] INFO  o.e.m.c.i.e.AbstractTransferListenerAdapter - Downloaded https://repo.maven.apache.org/maven2/xpp3/xpp3_min/1.1.4c/xpp3_min-1.1.4c.pom
2018-03-17 15:40:50,029 [Worker-0] INFO  o.e.m.c.i.e.AbstractTransferListenerAdapter - Downloading https://repo.maven.apache.org/maven2/org/apache/maven/shared/maven-filtering/1.0-beta-2/maven-filtering-1.0-beta-2.pom
2018-03-17 15:40:50,107 [Worker-0] INFO  o.e.m.c.i.e.AbstractTransferListenerAdapter - Downloaded https://repo.maven.apache.org/maven2/org/apache/maven/shared/maven-filtering/1.0-beta-2/maven-filtering-1.0-beta-2.pom
2018-03-17 15:40:50,192 [Worker-0] INFO  o.e.m.c.i.e.AbstractTransferListenerAdapter - Downloading https://repo.maven.apache.org/maven2/org/apache/maven/shared/maven-shared-components/10/maven-shared-components-10.pom
2018-03-17 15:40:50,272 [Worker-0] INFO  o.e.m.c.i.e.AbstractTransferListenerAdapter - Downloaded https://repo.maven.apache.org/maven2/org/apache/maven/shared/maven-shared-components/10/maven-shared-components-10.pom
2018-03-17 15:40:50,350 [Worker-0] INFO  o.e.m.c.i.e.AbstractTransferListenerAdapter - Downloading https://repo.maven.apache.org/maven2/org/apache/maven/maven-parent/9/maven-parent-9.pom
2018-03-17 15:40:50,549 [Worker-0] INFO  o.e.m.c.i.e.AbstractTransferListenerAdapter - Downloaded https://repo.maven.apache.org/maven2/org/apache/maven/maven-parent/9/maven-parent-9.pom
2018-03-17 15:40:50,728 [Worker-0] INFO  o.e.m.c.i.e.AbstractTransferListenerAdapter - Downloading https://repo.maven.apache.org/maven2/org/codehaus/plexus/plexus-interpolation/1.6/plexus-interpolation-1.6.pom
2018-03-17 15:40:50,802 [Worker-0] INFO  o.e.m.c.i.e.AbstractTransferListenerAdapter - Downloaded https://repo.maven.apache.org/maven2/org/codehaus/plexus/plexus-interpolation/1.6/plexus-interpolation-1.6.pom
2018-03-17 15:40:51,039 [Worker-0] INFO  o.e.m.c.i.e.AbstractTransferListenerAdapter - Downloading https://repo.maven.apache.org/maven2/com/thoughtworks/xstream/xstream/1.3.1/xstream-1.3.1.jar
2018-03-17 15:40:51,571 [Worker-0] INFO  o.e.m.c.i.e.AbstractTransferListenerAdapter - Downloaded https://repo.maven.apache.org/maven2/com/thoughtworks/xstream/xstream/1.3.1/xstream-1.3.1.jar
2018-03-17 15:40:51,634 [Worker-0] INFO  o.e.m.c.i.e.AbstractTransferListenerAdapter - Downloading https://repo.maven.apache.org/maven2/xpp3/xpp3_min/1.1.4c/xpp3_min-1.1.4c.jar
2018-03-17 15:40:51,711 [Worker-0] INFO  o.e.m.c.i.e.AbstractTransferListenerAdapter - Downloaded https://repo.maven.apache.org/maven2/xpp3/xpp3_min/1.1.4c/xpp3_min-1.1.4c.jar
2018-03-17 15:40:51,775 [Worker-0] INFO  o.e.m.c.i.e.AbstractTransferListenerAdapter - Downloading https://repo.maven.apache.org/maven2/org/apache/maven/shared/maven-filtering/1.0-beta-2/maven-filtering-1.0-beta-2.jar
2018-03-17 15:40:51,848 [Worker-0] INFO  o.e.m.c.i.e.AbstractTransferListenerAdapter - Downloaded https://repo.maven.apache.org/maven2/org/apache/maven/shared/maven-filtering/1.0-beta-2/maven-filtering-1.0-beta-2.jar
2018-03-17 15:40:55,443 [Worker-0] INFO  o.e.m.j.i.AbstractJavaProjectConfigurator - Adding source folder /jsp-api-test/src/main/java
2018-03-17 15:40:55,444 [Worker-0] INFO  o.e.m.j.i.AbstractJavaProjectConfigurator - Adding resource folder /jsp-api-test/src/main/resources
2018-03-17 15:40:55,446 [Worker-0] INFO  o.e.m.j.i.AbstractJavaProjectConfigurator - Adding source folder /jsp-api-test/src/test/java
2018-03-17 15:41:08,130 [Worker-0] INFO  o.e.m.c.i.p.ProjectConfigurationManager - Imported and configured 1 project(s) in 30 sec
2018-03-17 15:41:14,424 [Worker-19] WARN  o.e.m.c.i.embedder.EclipseLogger - Using platform encoding (Cp1252 actually) to copy filtered resources, i.e. build is platform dependent!
2018-03-17 15:41:14,440 [Worker-19] INFO  o.e.m.c.i.embedder.EclipseLogger - Copying 0 resource
2018-03-17 15:41:14,447 [Worker-19] WARN  o.e.m.c.i.embedder.EclipseLogger - Using platform encoding (Cp1252 actually) to copy filtered resources, i.e. build is platform dependent!
2018-03-17 15:41:14,450 [Worker-19] INFO  o.e.m.c.i.embedder.EclipseLogger - skip non existing resourceDirectory C:\Users\farja\Desktop\Repo\Cashless-Milano\JSP\jsp-api-test\src\test\resources
2018-03-17 15:41:14,861 [Worker-19] WARN  o.e.m.c.i.embedder.EclipseLogger - Using platform encoding (Cp1252 actually) to copy filtered resources, i.e. build is platform dependent!
2018-03-17 15:41:14,868 [Worker-19] INFO  o.e.m.c.i.embedder.EclipseLogger - Copying 0 resource
2018-03-17 15:41:14,871 [Worker-19] WARN  o.e.m.c.i.embedder.EclipseLogger - Using platform encoding (Cp1252 actually) to copy filtered resources, i.e. build is platform dependent!
2018-03-17 15:41:14,873 [Worker-19] INFO  o.e.m.c.i.embedder.EclipseLogger - skip non existing resourceDirectory C:\Users\farja\Desktop\Repo\Cashless-Milano\JSP\jsp-api-test\src\test\resources
2018-03-17 15:52:59,118 [Worker-25] WARN  o.e.m.c.i.embedder.EclipseLogger - Using platform encoding (Cp1252 actually) to copy filtered resources, i.e. build is platform dependent!
2018-03-17 15:52:59,122 [Worker-25] INFO  o.e.m.c.i.embedder.EclipseLogger - Copying 0 resource
2018-03-17 15:52:59,125 [Worker-25] WARN  o.e.m.c.i.embedder.EclipseLogger - Using platform encoding (Cp1252 actually) to copy filtered resources, i.e. build is platform dependent!
2018-03-17 15:52:59,128 [Worker-25] INFO  o.e.m.c.i.embedder.EclipseLogger - skip non existing resourceDirectory C:\Users\farja\Desktop\Repo\Cashless-Milano\JSP\jsp-api-test\src\test\resources
2018-03-17 15:53:09,743 [Worker-22] WARN  o.e.m.c.i.embedder.EclipseLogger - Using platform encoding (Cp1252 actually) to copy filtered resources, i.e. build is platform dependent!
2018-03-17 15:53:09,747 [Worker-22] INFO  o.e.m.c.i.embedder.EclipseLogger - Copying 0 resource
2018-03-17 15:53:09,752 [Worker-22] WARN  o.e.m.c.i.embedder.EclipseLogger - Using platform encoding (Cp1252 actually) to copy filtered resources, i.e. build is platform dependent!
2018-03-17 15:53:09,754 [Worker-22] INFO  o.e.m.c.i.embedder.EclipseLogger - skip non existing resourceDirectory C:\Users\farja\Desktop\Repo\Cashless-Milano\JSP\jsp-api-test\src\test\resources
2018-03-17 15:53:28,910 [Worker-26] WARN  o.e.m.c.i.embedder.EclipseLogger - Using platform encoding (Cp1252 actually) to copy filtered resources, i.e. build is platform dependent!
2018-03-17 15:53:28,912 [Worker-26] INFO  o.e.m.c.i.embedder.EclipseLogger - Copying 0 resource
2018-03-17 15:53:28,915 [Worker-26] WARN  o.e.m.c.i.embedder.EclipseLogger - Using platform encoding (Cp1252 actually) to copy filtered resources, i.e. build is platform dependent!
2018-03-17 15:53:28,917 [Worker-26] INFO  o.e.m.c.i.embedder.EclipseLogger - skip non existing resourceDirectory C:\Users\farja\Desktop\Repo\Cashless-Milano\JSP\jsp-api-test\src\test\resources
2018-03-17 16:08:35,079 [Worker-43] ERROR o.e.m.c.i.URLConnectionCaches - Unexpected URLConnection defaultUseCaches enabled
2018-03-17 16:08:35,087 [Worker-43] WARN  o.e.m.c.i.embedder.EclipseLogger - Using platform encoding (Cp1252 actually) to copy filtered resources, i.e. build is platform dependent!
2018-03-17 16:08:35,089 [Worker-43] INFO  o.e.m.c.i.embedder.EclipseLogger - Copying 0 resource
2018-03-17 16:08:35,092 [Worker-43] WARN  o.e.m.c.i.embedder.EclipseLogger - Using platform encoding (Cp1252 actually) to copy filtered resources, i.e. build is platform dependent!
2018-03-17 16:08:35,095 [Worker-43] INFO  o.e.m.c.i.embedder.EclipseLogger - skip non existing resourceDirectory C:\Users\farja\Desktop\Repo\Cashless-Milano\JSP\jsp-api-test\src\test\resources
2018-03-17 16:11:55,289 [Worker-43] ERROR o.e.m.c.i.URLConnectionCaches - Unexpected URLConnection defaultUseCaches enabled
2018-03-17 16:11:55,295 [Worker-43] WARN  o.e.m.c.i.embedder.EclipseLogger - Using platform encoding (Cp1252 actually) to copy filtered resources, i.e. build is platform dependent!
2018-03-17 16:11:55,301 [Worker-43] INFO  o.e.m.c.i.embedder.EclipseLogger - Copying 0 resource
2018-03-17 16:11:55,305 [Worker-43] WARN  o.e.m.c.i.embedder.EclipseLogger - Using platform encoding (Cp1252 actually) to copy filtered resources, i.e. build is platform dependent!
2018-03-17 16:11:55,307 [Worker-43] INFO  o.e.m.c.i.embedder.EclipseLogger - skip non existing resourceDirectory C:\Users\farja\Desktop\Repo\Cashless-Milano\JSP\jsp-api-test\src\test\resources
2018-03-17 16:12:41,539 [Worker-43] ERROR o.e.m.c.i.URLConnectionCaches - Unexpected URLConnection defaultUseCaches enabled
2018-03-17 16:12:41,545 [Worker-43] WARN  o.e.m.c.i.embedder.EclipseLogger - Using platform encoding (Cp1252 actually) to copy filtered resources, i.e. build is platform dependent!
2018-03-17 16:12:41,548 [Worker-43] INFO  o.e.m.c.i.embedder.EclipseLogger - Copying 0 resource
2018-03-17 16:12:41,555 [Worker-43] WARN  o.e.m.c.i.embedder.EclipseLogger - Using platform encoding (Cp1252 actually) to copy filtered resources, i.e. build is platform dependent!
2018-03-17 16:12:41,557 [Worker-43] INFO  o.e.m.c.i.embedder.EclipseLogger - skip non existing resourceDirectory C:\Users\farja\Desktop\Repo\Cashless-Milano\JSP\jsp-api-test\src\test\resources
2018-03-17 16:12:48,266 [Worker-44] ERROR o.e.m.c.i.URLConnectionCaches - Unexpected URLConnection defaultUseCaches enabled
2018-03-17 16:12:48,275 [Worker-44] WARN  o.e.m.c.i.embedder.EclipseLogger - Using platform encoding (Cp1252 actually) to copy filtered resources, i.e. build is platform dependent!
2018-03-17 16:12:48,277 [Worker-44] INFO  o.e.m.c.i.embedder.EclipseLogger - Copying 0 resource
2018-03-17 16:12:48,281 [Worker-44] WARN  o.e.m.c.i.embedder.EclipseLogger - Using platform encoding (Cp1252 actually) to copy filtered resources, i.e. build is platform dependent!
2018-03-17 16:12:48,284 [Worker-44] INFO  o.e.m.c.i.embedder.EclipseLogger - skip non existing resourceDirectory C:\Users\farja\Desktop\Repo\Cashless-Milano\JSP\jsp-api-test\src\test\resources
2018-03-17 16:12:51,795 [Worker-47] ERROR o.e.m.c.i.URLConnectionCaches - Unexpected URLConnection defaultUseCaches enabled
2018-03-17 16:12:51,801 [Worker-47] WARN  o.e.m.c.i.embedder.EclipseLogger - Using platform encoding (Cp1252 actually) to copy filtered resources, i.e. build is platform dependent!
2018-03-17 16:12:51,804 [Worker-47] INFO  o.e.m.c.i.embedder.EclipseLogger - Copying 0 resource
2018-03-17 16:12:51,808 [Worker-47] WARN  o.e.m.c.i.embedder.EclipseLogger - Using platform encoding (Cp1252 actually) to copy filtered resources, i.e. build is platform dependent!
2018-03-17 16:12:51,810 [Worker-47] INFO  o.e.m.c.i.embedder.EclipseLogger - skip non existing resourceDirectory C:\Users\farja\Desktop\Repo\Cashless-Milano\JSP\jsp-api-test\src\test\resources
2018-03-17 16:13:10,411 [Worker-44] ERROR o.e.m.c.i.URLConnectionCaches - Unexpected URLConnection defaultUseCaches enabled
2018-03-17 16:13:10,421 [Worker-44] WARN  o.e.m.c.i.embedder.EclipseLogger - Using platform encoding (Cp1252 actually) to copy filtered resources, i.e. build is platform dependent!
2018-03-17 16:13:10,425 [Worker-44] INFO  o.e.m.c.i.embedder.EclipseLogger - Copying 0 resource
2018-03-17 16:13:10,429 [Worker-44] WARN  o.e.m.c.i.embedder.EclipseLogger - Using platform encoding (Cp1252 actually) to copy filtered resources, i.e. build is platform dependent!
2018-03-17 16:13:10,432 [Worker-44] INFO  o.e.m.c.i.embedder.EclipseLogger - skip non existing resourceDirectory C:\Users\farja\Desktop\Repo\Cashless-Milano\JSP\jsp-api-test\src\test\resources
2018-03-17 17:02:30,466 [Worker-55] ERROR o.e.m.c.i.URLConnectionCaches - Unexpected URLConnection defaultUseCaches enabled
2018-03-17 17:02:30,493 [Worker-55] WARN  o.e.m.c.i.embedder.EclipseLogger - Using platform encoding (Cp1252 actually) to copy filtered resources, i.e. build is platform dependent!
2018-03-17 17:02:30,496 [Worker-55] INFO  o.e.m.c.i.embedder.EclipseLogger - Copying 0 resource
2018-03-17 17:02:30,499 [Worker-55] WARN  o.e.m.c.i.embedder.EclipseLogger - Using platform encoding (Cp1252 actually) to copy filtered resources, i.e. build is platform dependent!
2018-03-17 17:02:30,502 [Worker-55] INFO  o.e.m.c.i.embedder.EclipseLogger - skip non existing resourceDirectory C:\Users\farja\Desktop\Repo\Cashless-Milano\JSP\jsp-api-test\src\test\resources
2018-03-17 17:04:10,288 [Worker-54] ERROR o.e.m.c.i.URLConnectionCaches - Unexpected URLConnection defaultUseCaches enabled
2018-03-17 17:04:10,296 [Worker-54] WARN  o.e.m.c.i.embedder.EclipseLogger - Using platform encoding (Cp1252 actually) to copy filtered resources, i.e. build is platform dependent!
2018-03-17 17:04:10,330 [Worker-54] INFO  o.e.m.c.i.embedder.EclipseLogger - Copying 1 resource
2018-03-17 17:04:10,380 [Worker-54] WARN  o.e.m.c.i.embedder.EclipseLogger - Using platform encoding (Cp1252 actually) to copy filtered resources, i.e. build is platform dependent!
2018-03-17 17:04:10,383 [Worker-54] INFO  o.e.m.c.i.embedder.EclipseLogger - skip non existing resourceDirectory C:\Users\farja\Desktop\Repo\Cashless-Milano\JSP\jsp-api-test\src\test\resources
2018-03-17 17:04:11,739 [Worker-54] ERROR o.e.m.c.i.URLConnectionCaches - Unexpected URLConnection defaultUseCaches enabled
2018-03-17 17:04:11,745 [Worker-54] WARN  o.e.m.c.i.embedder.EclipseLogger - Using platform encoding (Cp1252 actually) to copy filtered resources, i.e. build is platform dependent!
2018-03-17 17:04:11,749 [Worker-54] INFO  o.e.m.c.i.embedder.EclipseLogger - Copying 0 resource
2018-03-17 17:04:11,752 [Worker-54] WARN  o.e.m.c.i.embedder.EclipseLogger - Using platform encoding (Cp1252 actually) to copy filtered resources, i.e. build is platform dependent!
2018-03-17 17:04:11,755 [Worker-54] INFO  o.e.m.c.i.embedder.EclipseLogger - skip non existing resourceDirectory C:\Users\farja\Desktop\Repo\Cashless-Milano\JSP\jsp-api-test\src\test\resources
2018-03-17 17:04:27,856 [Worker-61] ERROR o.e.m.c.i.URLConnectionCaches - Unexpected URLConnection defaultUseCaches enabled
2018-03-17 17:04:27,874 [Worker-61] WARN  o.e.m.c.i.embedder.EclipseLogger - Using platform encoding (Cp1252 actually) to copy filtered resources, i.e. build is platform dependent!
2018-03-17 17:04:27,882 [Worker-61] INFO  o.e.m.c.i.embedder.EclipseLogger - Copying 1 resource
2018-03-17 17:04:27,890 [Worker-61] WARN  o.e.m.c.i.embedder.EclipseLogger - Using platform encoding (Cp1252 actually) to copy filtered resources, i.e. build is platform dependent!
2018-03-17 17:04:27,892 [Worker-61] INFO  o.e.m.c.i.embedder.EclipseLogger - skip non existing resourceDirectory C:\Users\farja\Desktop\Repo\Cashless-Milano\JSP\jsp-api-test\src\test\resources
2018-03-17 17:04:49,383 [Worker-54] ERROR o.e.m.c.i.URLConnectionCaches - Unexpected URLConnection defaultUseCaches enabled
2018-03-17 17:04:49,393 [Worker-54] WARN  o.e.m.c.i.embedder.EclipseLogger - Using platform encoding (Cp1252 actually) to copy filtered resources, i.e. build is platform dependent!
2018-03-17 17:04:49,395 [Worker-54] INFO  o.e.m.c.i.embedder.EclipseLogger - Copying 0 resource
2018-03-17 17:04:49,403 [Worker-54] WARN  o.e.m.c.i.embedder.EclipseLogger - Using platform encoding (Cp1252 actually) to copy filtered resources, i.e. build is platform dependent!
2018-03-17 17:04:49,405 [Worker-54] INFO  o.e.m.c.i.embedder.EclipseLogger - skip non existing resourceDirectory C:\Users\farja\Desktop\Repo\Cashless-Milano\JSP\jsp-api-test\src\test\resources
